[INFO] [17/04/01 08:49:23] [oco]: 
  ___   ____ ___
 / _ \ / ___/ _ \
| | | | |  | | | |
| |_| | |__| |_| |
 \___/ \____\___/

         _             _ _
        | |__  _   _  (_) |_ _ __ ___   __ _ _ __
 _____  | '_ \| | | | | | __| '_ ` _ \ / _` | '_ \
|_____| | |_) | |_| | | | |_| | | | | | (_| | | | |
        |_.__/ \__, | |_|\__|_| |_| |_|\__,_|_| |_|
               |___/

Sat Apr 01 08:49:23 CST 2017 server start listen at: 4000, maxThreads: 250, pid is 91456
[INFO] [17/04/01 08:49:51] [oco]: 
  ___   ____ ___
 / _ \ / ___/ _ \
| | | | |  | | | |
| |_| | |__| |_| |
 \___/ \____\___/

         _             _ _
        | |__  _   _  (_) |_ _ __ ___   __ _ _ __
 _____  | '_ \| | | | | | __| '_ ` _ \ / _` | '_ \
|_____| | |_) | |_| | | | |_| | | | | | (_| | | | |
        |_.__/ \__, | |_|\__|_| |_| |_|\__,_|_| |_|
               |___/

Sat Apr 01 08:49:51 CST 2017 server start listen at: 4000, maxThreads: 250, pid is 91467
[INFO] [17/04/01 08:50:00] [oco]: 127.0.0.1 GET /test ? [5a1d87c7-4635-4c7e-ab46-1ea0ef746330]
[INFO] [17/04/01 08:50:00] [oco]: Request end: 5a1d87c7-4635-4c7e-ab46-1ea0ef746330 true 5ms
[INFO] [17/04/01 08:50:11] [oco]: 127.0.0.1 GET /test ? [5fcce590-bc56-4a5c-9a0d-5d692552c837]
[INFO] [17/04/01 08:50:11] [oco]: Request end: 5fcce590-bc56-4a5c-9a0d-5d692552c837 true 1ms
[INFO] [17/04/01 10:30:15] [oco]: 
  ___   ____ ___
 / _ \ / ___/ _ \
| | | | |  | | | |
| |_| | |__| |_| |
 \___/ \____\___/

         _             _ _
        | |__  _   _  (_) |_ _ __ ___   __ _ _ __
 _____  | '_ \| | | | | | __| '_ ` _ \ / _` | '_ \
|_____| | |_) | |_| | | | |_| | | | | | (_| | | | |
        |_.__/ \__, | |_|\__|_| |_| |_|\__,_|_| |_|
               |___/

Sat Apr 01 10:30:15 CST 2017 server start listen at: 4000, maxThreads: 250, pid is 92586
[INFO] [17/04/01 10:30:32] [oco]: 127.0.0.1 GET /test ? [3c109093-c1b6-4aed-8cd0-9fd3d4f4a511]
[INFO] [17/04/01 10:30:32] [oco]: Request end: 3c109093-c1b6-4aed-8cd0-9fd3d4f4a511 true 6ms
