[INFO] [17/03/31 16:53:37] [oco]:   ___   ____ ___
 / _ \ / ___/ _ \
| | | | |  | | | |
| |_| | |__| |_| |
 \___/ \____\___/

         _             _ _
        | |__  _   _  (_) |_ _ __ ___   __ _ _ __
 _____  | '_ \| | | | | | __| '_ ` _ \ / _` | '_ \
|_____| | |_) | |_| | | | |_| | | | | | (_| | | | |
        |_.__/ \__, | |_|\__|_| |_| |_|\__,_|_| |_|
               |___/

Fri Mar 31 16:53:36 CST 2017 server start listen at: 3899, maxThreads: 100,pid is 84828
[INFO] [17/03/31 16:54:23] [oco]: 127.0.0.1 GET / ? [2b5498da-349f-4b33-b296-676094c4c71e]
[INFO] [17/03/31 16:54:23] [oco]: Request end: 2b5498da-349f-4b33-b296-676094c4c71e true 4ms
[INFO] [17/03/31 16:57:25] [oco]: 
  ___   ____ ___
 / _ \ / ___/ _ \
| | | | |  | | | |
| |_| | |__| |_| |
 \___/ \____\___/

         _             _ _
        | |__  _   _  (_) |_ _ __ ___   __ _ _ __
 _____  | '_ \| | | | | | __| '_ ` _ \ / _` | '_ \
|_____| | |_) | |_| | | | |_| | | | | | (_| | | | |
        |_.__/ \__, | |_|\__|_| |_| |_|\__,_|_| |_|
               |___/

Fri Mar 31 16:57:24 CST 2017 server start listen at: 3899, maxThreads: 100,pid is 84911
[INFO] [17/03/31 18:14:31] [oco]: 
  ___   ____ ___
 / _ \ / ___/ _ \
| | | | |  | | | |
| |_| | |__| |_| |
 \___/ \____\___/

         _             _ _
        | |__  _   _  (_) |_ _ __ ___   __ _ _ __
 _____  | '_ \| | | | | | __| '_ ` _ \ / _` | '_ \
|_____| | |_) | |_| | | | |_| | | | | | (_| | | | |
        |_.__/ \__, | |_|\__|_| |_| |_|\__,_|_| |_|
               |___/

Fri Mar 31 18:14:30 CST 2017 server start listen at: 3899, maxThreads: 100, pid is 86486
[INFO] [17/03/31 18:15:23] [oco]: 
  ___   ____ ___
 / _ \ / ___/ _ \
| | | | |  | | | |
| |_| | |__| |_| |
 \___/ \____\___/

         _             _ _
        | |__  _   _  (_) |_ _ __ ___   __ _ _ __
 _____  | '_ \| | | | | | __| '_ ` _ \ / _` | '_ \
|_____| | |_) | |_| | | | |_| | | | | | (_| | | | |
        |_.__/ \__, | |_|\__|_| |_| |_|\__,_|_| |_|
               |___/

Fri Mar 31 18:15:23 CST 2017 server start listen at: 4000, maxThreads: 250, pid is 86505
[INFO] [17/03/31 18:17:23] [oco]: 
  ___   ____ ___
 / _ \ / ___/ _ \
| | | | |  | | | |
| |_| | |__| |_| |
 \___/ \____\___/

         _             _ _
        | |__  _   _  (_) |_ _ __ ___   __ _ _ __
 _____  | '_ \| | | | | | __| '_ ` _ \ / _` | '_ \
|_____| | |_) | |_| | | | |_| | | | | | (_| | | | |
        |_.__/ \__, | |_|\__|_| |_| |_|\__,_|_| |_|
               |___/

Fri Mar 31 18:17:22 CST 2017 server start listen at: 4000, maxThreads: 250, pid is 86561
[INFO] [17/03/31 18:18:18] [oco]: 
  ___   ____ ___
 / _ \ / ___/ _ \
| | | | |  | | | |
| |_| | |__| |_| |
 \___/ \____\___/

         _             _ _
        | |__  _   _  (_) |_ _ __ ___   __ _ _ __
 _____  | '_ \| | | | | | __| '_ ` _ \ / _` | '_ \
|_____| | |_) | |_| | | | |_| | | | | | (_| | | | |
        |_.__/ \__, | |_|\__|_| |_| |_|\__,_|_| |_|
               |___/

Fri Mar 31 18:18:18 CST 2017 server start listen at: 4000, maxThreads: 250, pid is 86582
[INFO] [17/03/31 18:18:51] [oco]: 127.0.0.1 GET / ? [84ee7805-6505-415a-a8e5-0ddcb0cdf85a]
[INFO] [17/03/31 18:18:51] [oco]: Request end: 84ee7805-6505-415a-a8e5-0ddcb0cdf85a true 6ms
[INFO] [17/03/31 18:18:52] [oco]: 127.0.0.1 GET /favicon.ico ? [bd3b04bd-29b6-4903-9c69-7d8e0abd90e4]
[INFO] [17/03/31 18:18:52] [oco]: Request end: bd3b04bd-29b6-4903-9c69-7d8e0abd90e4 true 1ms
[INFO] [17/03/31 18:18:55] [oco]: 127.0.0.1 GET / ? [25249b40-f8a3-4219-afa3-ce0cbebe9ff9]
[INFO] [17/03/31 18:18:55] [oco]: Request end: 25249b40-f8a3-4219-afa3-ce0cbebe9ff9 true 1ms
[INFO] [17/03/31 18:18:56] [oco]: 127.0.0.1 GET / ? [2d63c48c-32c8-4504-9f0f-e15cd3c455b5]
[INFO] [17/03/31 18:18:56] [oco]: Request end: 2d63c48c-32c8-4504-9f0f-e15cd3c455b5 true 0ms
[INFO] [17/03/31 20:39:29] [oco]: 
  ___   ____ ___
 / _ \ / ___/ _ \
| | | | |  | | | |
| |_| | |__| |_| |
 \___/ \____\___/

         _             _ _
        | |__  _   _  (_) |_ _ __ ___   __ _ _ __
 _____  | '_ \| | | | | | __| '_ ` _ \ / _` | '_ \
|_____| | |_) | |_| | | | |_| | | | | | (_| | | | |
        |_.__/ \__, | |_|\__|_| |_| |_|\__,_|_| |_|
               |___/

Fri Mar 31 20:39:29 CST 2017 server start listen at: 4000, maxThreads: 250, pid is 89849
[INFO] [17/03/31 21:39:05] [oco]: 
  ___   ____ ___
 / _ \ / ___/ _ \
| | | | |  | | | |
| |_| | |__| |_| |
 \___/ \____\___/

         _             _ _
        | |__  _   _  (_) |_ _ __ ___   __ _ _ __
 _____  | '_ \| | | | | | __| '_ ` _ \ / _` | '_ \
|_____| | |_) | |_| | | | |_| | | | | | (_| | | | |
        |_.__/ \__, | |_|\__|_| |_| |_|\__,_|_| |_|
               |___/

Fri Mar 31 21:39:05 CST 2017 server start listen at: 4000, maxThreads: 250, pid is 91119
[INFO] [17/03/31 21:39:14] [oco]: 127.0.0.1 GET / ? [34778253-5cd4-431d-8574-ab151a42d082]
[INFO] [17/03/31 21:39:14] [oco]: Request end: 34778253-5cd4-431d-8574-ab151a42d082 true 4ms
